[31merror[39m:   uncaughtException: app is not defined
ReferenceError: app is not defined
    at Object.<anonymous> (/home/willchakur/Documentos/TO-DO-APP/backend/app.js:15:1)
    at Module._compile (node:internal/modules/cjs/loader:1504:14)
    at Module._extensions..js (node:internal/modules/cjs/loader:1588:10)
    at Module.load (node:internal/modules/cjs/loader:1282:32)
    at Module._load (node:internal/modules/cjs/loader:1098:12)
    at TracingChannel.traceSync (node:diagnostics_channel:315:14)
    at wrapModuleLoad (node:internal/modules/cjs/loader:215:24)
    at Function.executeUserEntryPoint [as runMain] (node:internal/modules/run_main:158:5)
    at node:internal/main/run_main_module:30:49
[31merror[39m:   uncaughtException: createUsersTable is not defined
ReferenceError: createUsersTable is not defined
    at Object.<anonymous> (/home/willchakur/Documentos/TO-DO-APP/backend/routes/login.js:28:1)
    at Module._compile (node:internal/modules/cjs/loader:1504:14)
    at Module._extensions..js (node:internal/modules/cjs/loader:1588:10)
    at Module.load (node:internal/modules/cjs/loader:1282:32)
    at Module._load (node:internal/modules/cjs/loader:1098:12)
    at TracingChannel.traceSync (node:diagnostics_channel:315:14)
    at wrapModuleLoad (node:internal/modules/cjs/loader:215:24)
    at Module.require (node:internal/modules/cjs/loader:1304:12)
    at require (node:internal/modules/helpers:123:16)
    at Object.<anonymous> (/home/willchakur/Documentos/TO-DO-APP/backend/app.js:7:22)
